<?xml version="1.0" encoding="UTF-8"?>
<testng-results ignored="0" total="2" passed="2" failed="0" skipped="0">
  <reporter-output>
  </reporter-output>
  <suite started-at="2024-08-31T20:20:35 IST" name="OpencartSuite" finished-at="2024-08-31T20:20:47 IST" duration-ms="12472">
    <groups>
      <group name="Master">
        <method signature="TC_001_AccountRegistrationTest.test_account_Registration()[pri:0, instance:TestCases.TC_001_AccountRegistrationTest@1b765a2c]" name="test_account_Registration" class="TestCases.TC_001_AccountRegistrationTest"/>
        <method signature="TC_002_LoginTest.test_login()[pri:0, instance:TestCases.TC_002_LoginTest@6492fab5]" name="test_login" class="TestCases.TC_002_LoginTest"/>
      </group> <!-- Master -->
      <group name="Sanity">
        <method signature="TC_002_LoginTest.test_login()[pri:0, instance:TestCases.TC_002_LoginTest@6492fab5]" name="test_login" class="TestCases.TC_002_LoginTest"/>
      </group> <!-- Sanity -->
      <group name="Regression">
        <method signature="TC_001_AccountRegistrationTest.test_account_Registration()[pri:0, instance:TestCases.TC_001_AccountRegistrationTest@1b765a2c]" name="test_account_Registration" class="TestCases.TC_001_AccountRegistrationTest"/>
      </group> <!-- Regression -->
    </groups>
    <test started-at="2024-08-31T20:20:35 IST" name="OpencartTest" finished-at="2024-08-31T20:20:47 IST" duration-ms="12472">
      <class name="TestCases.TC_001_AccountRegistrationTest">
        <test-method is-config="true" signature="Login(java.lang.String,java.lang.String,java.lang.String)[pri:0, instance:TestCases.TC_001_AccountRegistrationTest@1b765a2c]" started-at="2024-08-31T20:20:35 IST" name="Login" finished-at="2024-08-31T20:20:40 IST" duration-ms="5467" status="PASS">
          <params>
            <param index="0">
              <value>
                <![CDATA[chrome]]>
              </value>
            </param>
            <param index="1">
              <value>
                <![CDATA[windows]]>
              </value>
            </param>
            <param index="2">
              <value>
                <![CDATA[local]]>
              </value>
            </param>
          </params>
          <reporter-output>
          </reporter-output>
        </test-method> <!-- Login -->
        <test-method signature="test_account_Registration()[pri:0, instance:TestCases.TC_001_AccountRegistrationTest@1b765a2c]" started-at="2024-08-31T20:20:40 IST" name="test_account_Registration" finished-at="2024-08-31T20:20:43 IST" duration-ms="2062" status="PASS">
          <reporter-output>
          </reporter-output>
        </test-method> <!-- test_account_Registration -->
      </class> <!-- TestCases.TC_001_AccountRegistrationTest -->
      <class name="TestCases.TC_002_LoginTest">
        <test-method is-config="true" signature="Login(java.lang.String,java.lang.String,java.lang.String)[pri:0, instance:TestCases.TC_002_LoginTest@6492fab5]" started-at="2024-08-31T20:20:43 IST" name="Login" finished-at="2024-08-31T20:20:46 IST" duration-ms="3356" status="PASS">
          <params>
            <param index="0">
              <value>
                <![CDATA[chrome]]>
              </value>
            </param>
            <param index="1">
              <value>
                <![CDATA[windows]]>
              </value>
            </param>
            <param index="2">
              <value>
                <![CDATA[local]]>
              </value>
            </param>
          </params>
          <reporter-output>
          </reporter-output>
        </test-method> <!-- Login -->
        <test-method signature="test_login()[pri:0, instance:TestCases.TC_002_LoginTest@6492fab5]" started-at="2024-08-31T20:20:46 IST" name="test_login" finished-at="2024-08-31T20:20:47 IST" duration-ms="1427" status="PASS">
          <reporter-output>
          </reporter-output>
        </test-method> <!-- test_login -->
      </class> <!-- TestCases.TC_002_LoginTest -->
    </test> <!-- OpencartTest -->
  </suite> <!-- OpencartSuite -->
</testng-results>
